<?xml version="1.0" encoding="UTF-8"?>
<!-- Generated by org.testng.reporters.JUnitReportReporter -->
<testsuite hostname="hp-PC" failures="0" tests="1" name="Jenkins.PracticeAgain" time="0.003" errors="0" timestamp="2021-09-30T16:07:20 IST" skipped="0">
  <testcase classname="Jenkins.PracticeAgain" name="methodTwo" time="0.003"/>
  <system-out/>
</testsuite> <!-- Jenkins.PracticeAgain -->
