<?xml version="1.0" encoding="UTF-8"?>
<!-- Generated by org.testng.reporters.JUnitReportReporter -->
<testsuite hostname="hp-PC" failures="0" tests="1" name="Jenkins.Practice" time="0.021" errors="0" timestamp="2021-09-30T16:07:20 IST" skipped="0">
  <testcase classname="Jenkins.Practice" name="methodOne" time="0.021"/>
  <system-out/>
</testsuite> <!-- Jenkins.Practice -->
