<?xml version="1.0" encoding="UTF-8"?>
<!-- Generated by org.testng.reporters.JUnitReportReporter -->
<testsuite skipped="0" hostname="hp-PC" name="Jenkins.PracticeAgain" tests="1" failures="0" timestamp="2021-09-30T16:11:21 IST" time="0.001" errors="0">
  <testcase name="methodTwo" time="0.001" classname="Jenkins.PracticeAgain"/>
  <system-out/>
</testsuite> <!-- Jenkins.PracticeAgain -->
