<?xml version="1.0" encoding="UTF-8"?>
<!-- Generated by org.testng.reporters.JUnitReportReporter -->
<testsuite skipped="0" hostname="hp-PC" name="Jenkins.Practice" tests="1" failures="0" timestamp="2021-09-30T16:11:21 IST" time="0.021" errors="0">
  <testcase name="methodOne" time="0.021" classname="Jenkins.Practice"/>
  <system-out/>
</testsuite> <!-- Jenkins.Practice -->
